{"/Users/srujangopu/WebstormProjects/JSONUtil/index.js":{"path":"/Users/srujangopu/WebstormProjects/JSONUtil/index.js","s":{"1":1},"b":{},"f":{},"fnMap":{},"statementMap":{"1":{"start":{"line":7,"column":0},"end":{"line":7,"column":43}}},"branchMap":{}},"/Users/srujangopu/WebstormProjects/JSONUtil/lib/jsonUtil.js":{"path":"/Users/srujangopu/WebstormProjects/JSONUtil/lib/jsonUtil.js","s":{"1":1,"2":1,"3":9,"4":1,"5":147,"6":64,"7":76,"8":83,"9":43,"10":43,"11":146,"12":146,"13":20,"14":146,"15":63,"16":9,"17":8,"18":9,"19":1,"20":2,"21":2,"22":1,"23":1,"24":30,"25":13,"26":16,"27":17,"28":9,"29":9,"30":30,"31":30,"32":13,"33":30,"34":8,"35":1,"36":1,"37":1,"38":1,"39":1,"40":1,"41":1,"42":1,"43":1,"44":1,"45":5,"46":1,"47":5,"48":1,"49":1,"50":7,"51":7,"52":7,"53":7,"54":8,"55":8,"56":8,"57":4,"58":7,"59":1,"60":1,"61":1,"62":1,"63":1,"64":1,"65":4,"66":1,"67":1,"68":1,"69":1,"70":1,"71":3,"72":3,"73":6,"74":3,"75":1,"76":3,"77":1,"78":3,"79":3,"80":16,"81":3,"82":8,"83":8,"84":3,"85":3,"86":1,"87":1,"88":1},"b":{"1":[64,83],"2":[43,40],"3":[20,126],"4":[63,83],"5":[146,83],"6":[8,1],"7":[2,1],"8":[1,1],"9":[13,17],"10":[9,8],"11":[13,17],"12":[30,17],"13":[8,22],"14":[1,0],"15":[1,0],"16":[1,0],"17":[7,0],"18":[7,0],"19":[4,4],"20":[8,8,7],"21":[1,0],"22":[1,3],"23":[3,1],"24":[1,2],"25":[1,2],"26":[16,0],"27":[5,3],"28":[3,0]},"f":{"1":13,"2":9,"3":147,"4":76,"5":146,"6":2,"7":30,"8":16,"9":30,"10":1,"11":1,"12":5,"13":5,"14":7,"15":8,"16":1,"17":1,"18":4,"19":1,"20":3,"21":6,"22":3,"23":16,"24":8,"25":1},"fnMap":{"1":{"name":"(anonymous_1)","line":5,"loc":{"start":{"line":5,"column":15},"end":{"line":5,"column":25}}},"2":{"name":"(anonymous_2)","line":7,"loc":{"start":{"line":7,"column":43},"end":{"line":7,"column":69}}},"3":{"name":"parseData","line":10,"loc":{"start":{"line":10,"column":8},"end":{"line":10,"column":44}}},"4":{"name":"(anonymous_4)","line":13,"loc":{"start":{"line":13,"column":38},"end":{"line":13,"column":53}}},"5":{"name":"(anonymous_5)","line":20,"loc":{"start":{"line":20,"column":37},"end":{"line":20,"column":50}}},"6":{"name":"(anonymous_6)","line":37,"loc":{"start":{"line":37,"column":34},"end":{"line":37,"column":57}}},"7":{"name":"parseData","line":42,"loc":{"start":{"line":42,"column":16},"end":{"line":42,"column":44}}},"8":{"name":"(anonymous_8)","line":45,"loc":{"start":{"line":45,"column":46},"end":{"line":45,"column":61}}},"9":{"name":"(anonymous_9)","line":52,"loc":{"start":{"line":52,"column":45},"end":{"line":52,"column":58}}},"10":{"name":"(anonymous_10)","line":72,"loc":{"start":{"line":72,"column":39},"end":{"line":72,"column":54}}},"11":{"name":"(anonymous_11)","line":77,"loc":{"start":{"line":77,"column":44},"end":{"line":77,"column":65}}},"12":{"name":"(anonymous_12)","line":79,"loc":{"start":{"line":79,"column":21},"end":{"line":79,"column":42}}},"13":{"name":"getData","line":83,"loc":{"start":{"line":83,"column":8},"end":{"line":83,"column":46}}},"14":{"name":"(anonymous_14)","line":89,"loc":{"start":{"line":89,"column":45},"end":{"line":89,"column":68}}},"15":{"name":"(anonymous_15)","line":93,"loc":{"start":{"line":93,"column":21},"end":{"line":93,"column":34}}},"16":{"name":"(anonymous_16)","line":103,"loc":{"start":{"line":103,"column":41},"end":{"line":103,"column":67}}},"17":{"name":"(anonymous_17)","line":108,"loc":{"start":{"line":108,"column":62},"end":{"line":108,"column":85}}},"18":{"name":"(anonymous_18)","line":112,"loc":{"start":{"line":112,"column":22},"end":{"line":112,"column":45}}},"19":{"name":"(anonymous_19)","line":117,"loc":{"start":{"line":117,"column":24},"end":{"line":117,"column":39}}},"20":{"name":"(anonymous_20)","line":123,"loc":{"start":{"line":123,"column":47},"end":{"line":123,"column":84}}},"21":{"name":"(anonymous_21)","line":126,"loc":{"start":{"line":126,"column":21},"end":{"line":126,"column":32}}},"22":{"name":"(anonymous_22)","line":135,"loc":{"start":{"line":135,"column":22},"end":{"line":135,"column":54}}},"23":{"name":"(anonymous_23)","line":136,"loc":{"start":{"line":136,"column":26},"end":{"line":136,"column":39}}},"24":{"name":"(anonymous_24)","line":138,"loc":{"start":{"line":138,"column":23},"end":{"line":138,"column":38}}},"25":{"name":"(anonymous_25)","line":147,"loc":{"start":{"line":147,"column":40},"end":{"line":147,"column":57}}}},"statementMap":{"1":{"start":{"line":5,"column":0},"end":{"line":5,"column":28}},"2":{"start":{"line":7,"column":0},"end":{"line":35,"column":2}},"3":{"start":{"line":8,"column":8},"end":{"line":8,"column":24}},"4":{"start":{"line":10,"column":8},"end":{"line":29,"column":9}},"5":{"start":{"line":12,"column":16},"end":{"line":28,"column":17}},"6":{"start":{"line":13,"column":24},"end":{"line":15,"column":27}},"7":{"start":{"line":14,"column":32},"end":{"line":14,"column":55}},"8":{"start":{"line":17,"column":21},"end":{"line":28,"column":17}},"9":{"start":{"line":19,"column":24},"end":{"line":19,"column":54}},"10":{"start":{"line":20,"column":24},"end":{"line":27,"column":27}},"11":{"start":{"line":21,"column":32},"end":{"line":21,"column":60}},"12":{"start":{"line":22,"column":32},"end":{"line":23,"column":58}},"13":{"start":{"line":23,"column":34},"end":{"line":23,"column":58}},"14":{"start":{"line":24,"column":32},"end":{"line":26,"column":33}},"15":{"start":{"line":25,"column":40},"end":{"line":25,"column":70}},"16":{"start":{"line":31,"column":8},"end":{"line":32,"column":43}},"17":{"start":{"line":32,"column":16},"end":{"line":32,"column":43}},"18":{"start":{"line":34,"column":8},"end":{"line":34,"column":22}},"19":{"start":{"line":37,"column":0},"end":{"line":70,"column":2}},"20":{"start":{"line":38,"column":8},"end":{"line":38,"column":33}},"21":{"start":{"line":40,"column":8},"end":{"line":68,"column":9}},"22":{"start":{"line":41,"column":16},"end":{"line":41,"column":32}},"23":{"start":{"line":42,"column":16},"end":{"line":63,"column":17}},"24":{"start":{"line":44,"column":24},"end":{"line":62,"column":25}},"25":{"start":{"line":45,"column":32},"end":{"line":47,"column":35}},"26":{"start":{"line":46,"column":40},"end":{"line":46,"column":55}},"27":{"start":{"line":49,"column":29},"end":{"line":62,"column":25}},"28":{"start":{"line":51,"column":32},"end":{"line":51,"column":62}},"29":{"start":{"line":52,"column":32},"end":{"line":61,"column":35}},"30":{"start":{"line":53,"column":40},"end":{"line":53,"column":68}},"31":{"start":{"line":54,"column":40},"end":{"line":56,"column":41}},"32":{"start":{"line":55,"column":48},"end":{"line":55,"column":70}},"33":{"start":{"line":58,"column":40},"end":{"line":60,"column":41}},"34":{"start":{"line":59,"column":48},"end":{"line":59,"column":65}},"35":{"start":{"line":64,"column":16},"end":{"line":65,"column":43}},"36":{"start":{"line":65,"column":24},"end":{"line":65,"column":43}},"37":{"start":{"line":67,"column":16},"end":{"line":67,"column":30}},"38":{"start":{"line":69,"column":8},"end":{"line":69,"column":34}},"39":{"start":{"line":72,"column":0},"end":{"line":75,"column":2}},"40":{"start":{"line":73,"column":8},"end":{"line":73,"column":28}},"41":{"start":{"line":74,"column":8},"end":{"line":74,"column":28}},"42":{"start":{"line":77,"column":0},"end":{"line":87,"column":2}},"43":{"start":{"line":78,"column":8},"end":{"line":78,"column":26}},"44":{"start":{"line":79,"column":8},"end":{"line":81,"column":11}},"45":{"start":{"line":80,"column":13},"end":{"line":80,"column":49}},"46":{"start":{"line":83,"column":8},"end":{"line":85,"column":9}},"47":{"start":{"line":84,"column":16},"end":{"line":84,"column":44}},"48":{"start":{"line":86,"column":8},"end":{"line":86,"column":21}},"49":{"start":{"line":89,"column":0},"end":{"line":101,"column":2}},"50":{"start":{"line":90,"column":8},"end":{"line":90,"column":30}},"51":{"start":{"line":91,"column":8},"end":{"line":91,"column":45}},"52":{"start":{"line":92,"column":8},"end":{"line":92,"column":31}},"53":{"start":{"line":93,"column":8},"end":{"line":99,"column":11}},"54":{"start":{"line":94,"column":11},"end":{"line":94,"column":35}},"55":{"start":{"line":95,"column":11},"end":{"line":95,"column":78}},"56":{"start":{"line":96,"column":11},"end":{"line":98,"column":12}},"57":{"start":{"line":97,"column":13},"end":{"line":97,"column":33}},"58":{"start":{"line":100,"column":8},"end":{"line":100,"column":27}},"59":{"start":{"line":103,"column":0},"end":{"line":106,"column":2}},"60":{"start":{"line":105,"column":8},"end":{"line":105,"column":33}},"61":{"start":{"line":108,"column":0},"end":{"line":121,"column":2}},"62":{"start":{"line":110,"column":8},"end":{"line":110,"column":28}},"63":{"start":{"line":111,"column":8},"end":{"line":111,"column":25}},"64":{"start":{"line":112,"column":8},"end":{"line":116,"column":11}},"65":{"start":{"line":113,"column":16},"end":{"line":115,"column":17}},"66":{"start":{"line":114,"column":24},"end":{"line":114,"column":44}},"67":{"start":{"line":117,"column":8},"end":{"line":119,"column":11}},"68":{"start":{"line":118,"column":11},"end":{"line":118,"column":32}},"69":{"start":{"line":120,"column":8},"end":{"line":120,"column":21}},"70":{"start":{"line":123,"column":0},"end":{"line":145,"column":2}},"71":{"start":{"line":125,"column":8},"end":{"line":125,"column":35}},"72":{"start":{"line":126,"column":8},"end":{"line":126,"column":57}},"73":{"start":{"line":126,"column":33},"end":{"line":126,"column":55}},"74":{"start":{"line":127,"column":8},"end":{"line":130,"column":9}},"75":{"start":{"line":129,"column":16},"end":{"line":129,"column":34}},"76":{"start":{"line":131,"column":8},"end":{"line":134,"column":9}},"77":{"start":{"line":133,"column":16},"end":{"line":133,"column":36}},"78":{"start":{"line":135,"column":8},"end":{"line":142,"column":10}},"79":{"start":{"line":136,"column":16},"end":{"line":136,"column":85}},"80":{"start":{"line":136,"column":40},"end":{"line":136,"column":83}},"81":{"start":{"line":138,"column":16},"end":{"line":141,"column":17}},"82":{"start":{"line":139,"column":24},"end":{"line":139,"column":51}},"83":{"start":{"line":140,"column":24},"end":{"line":140,"column":89}},"84":{"start":{"line":143,"column":8},"end":{"line":143,"column":52}},"85":{"start":{"line":144,"column":8},"end":{"line":144,"column":21}},"86":{"start":{"line":147,"column":0},"end":{"line":150,"column":2}},"87":{"start":{"line":149,"column":8},"end":{"line":149,"column":33}},"88":{"start":{"line":152,"column":0},"end":{"line":152,"column":32}}},"branchMap":{"1":{"line":12,"type":"if","locations":[{"start":{"line":12,"column":16},"end":{"line":12,"column":16}},{"start":{"line":12,"column":16},"end":{"line":12,"column":16}}]},"2":{"line":17,"type":"if","locations":[{"start":{"line":17,"column":21},"end":{"line":17,"column":21}},{"start":{"line":17,"column":21},"end":{"line":17,"column":21}}]},"3":{"line":22,"type":"if","locations":[{"start":{"line":22,"column":32},"end":{"line":22,"column":32}},{"start":{"line":22,"column":32},"end":{"line":22,"column":32}}]},"4":{"line":24,"type":"if","locations":[{"start":{"line":24,"column":32},"end":{"line":24,"column":32}},{"start":{"line":24,"column":32},"end":{"line":24,"column":32}}]},"5":{"line":24,"type":"binary-expr","locations":[{"start":{"line":24,"column":36},"end":{"line":24,"column":65}},{"start":{"line":24,"column":71},"end":{"line":24,"column":96}}]},"6":{"line":31,"type":"if","locations":[{"start":{"line":31,"column":8},"end":{"line":31,"column":8}},{"start":{"line":31,"column":8},"end":{"line":31,"column":8}}]},"7":{"line":38,"type":"binary-expr","locations":[{"start":{"line":38,"column":17},"end":{"line":38,"column":23}},{"start":{"line":38,"column":27},"end":{"line":38,"column":32}}]},"8":{"line":40,"type":"if","locations":[{"start":{"line":40,"column":8},"end":{"line":40,"column":8}},{"start":{"line":40,"column":8},"end":{"line":40,"column":8}}]},"9":{"line":44,"type":"if","locations":[{"start":{"line":44,"column":24},"end":{"line":44,"column":24}},{"start":{"line":44,"column":24},"end":{"line":44,"column":24}}]},"10":{"line":49,"type":"if","locations":[{"start":{"line":49,"column":29},"end":{"line":49,"column":29}},{"start":{"line":49,"column":29},"end":{"line":49,"column":29}}]},"11":{"line":54,"type":"if","locations":[{"start":{"line":54,"column":40},"end":{"line":54,"column":40}},{"start":{"line":54,"column":40},"end":{"line":54,"column":40}}]},"12":{"line":54,"type":"binary-expr","locations":[{"start":{"line":54,"column":44},"end":{"line":54,"column":73}},{"start":{"line":54,"column":79},"end":{"line":54,"column":104}}]},"13":{"line":58,"type":"if","locations":[{"start":{"line":58,"column":40},"end":{"line":58,"column":40}},{"start":{"line":58,"column":40},"end":{"line":58,"column":40}}]},"14":{"line":64,"type":"if","locations":[{"start":{"line":64,"column":16},"end":{"line":64,"column":16}},{"start":{"line":64,"column":16},"end":{"line":64,"column":16}}]},"15":{"line":73,"type":"binary-expr","locations":[{"start":{"line":73,"column":16},"end":{"line":73,"column":21}},{"start":{"line":73,"column":25},"end":{"line":73,"column":27}}]},"16":{"line":78,"type":"binary-expr","locations":[{"start":{"line":78,"column":15},"end":{"line":78,"column":19}},{"start":{"line":78,"column":23},"end":{"line":78,"column":25}}]},"17":{"line":90,"type":"binary-expr","locations":[{"start":{"line":90,"column":17},"end":{"line":90,"column":23}},{"start":{"line":90,"column":27},"end":{"line":90,"column":29}}]},"18":{"line":91,"type":"binary-expr","locations":[{"start":{"line":91,"column":19},"end":{"line":91,"column":38}},{"start":{"line":91,"column":42},"end":{"line":91,"column":44}}]},"19":{"line":96,"type":"if","locations":[{"start":{"line":96,"column":11},"end":{"line":96,"column":11}},{"start":{"line":96,"column":11},"end":{"line":96,"column":11}}]},"20":{"line":96,"type":"binary-expr","locations":[{"start":{"line":96,"column":14},"end":{"line":96,"column":25}},{"start":{"line":96,"column":30},"end":{"line":96,"column":54}},{"start":{"line":96,"column":58},"end":{"line":96,"column":91}}]},"21":{"line":110,"type":"binary-expr","locations":[{"start":{"line":110,"column":16},"end":{"line":110,"column":21}},{"start":{"line":110,"column":25},"end":{"line":110,"column":27}}]},"22":{"line":113,"type":"if","locations":[{"start":{"line":113,"column":16},"end":{"line":113,"column":16}},{"start":{"line":113,"column":16},"end":{"line":113,"column":16}}]},"23":{"line":125,"type":"binary-expr","locations":[{"start":{"line":125,"column":18},"end":{"line":125,"column":25}},{"start":{"line":125,"column":29},"end":{"line":125,"column":34}}]},"24":{"line":127,"type":"if","locations":[{"start":{"line":127,"column":8},"end":{"line":127,"column":8}},{"start":{"line":127,"column":8},"end":{"line":127,"column":8}}]},"25":{"line":131,"type":"if","locations":[{"start":{"line":131,"column":8},"end":{"line":131,"column":8}},{"start":{"line":131,"column":8},"end":{"line":131,"column":8}}]},"26":{"line":136,"type":"cond-expr","locations":[{"start":{"line":136,"column":56},"end":{"line":136,"column":72}},{"start":{"line":136,"column":75},"end":{"line":136,"column":83}}]},"27":{"line":140,"type":"cond-expr","locations":[{"start":{"line":140,"column":43},"end":{"line":140,"column":45}},{"start":{"line":140,"column":49},"end":{"line":140,"column":64}}]},"28":{"line":140,"type":"cond-expr","locations":[{"start":{"line":140,"column":59},"end":{"line":140,"column":60}},{"start":{"line":140,"column":63},"end":{"line":140,"column":64}}]}}}}