TN:
SF:/Users/srujangopu/WebstormProjects/JSONUtil/index.js
FNF:0
FNH:0
DA:7,1
LF:1
LH:1
BRF:0
BRH:0
end_of_record
TN:
SF:/Users/srujangopu/WebstormProjects/JSONUtil/lib/jsonUtil.js
FN:5,(anonymous_1)
FN:7,(anonymous_2)
FN:10,parseData
FN:13,(anonymous_4)
FN:20,(anonymous_5)
FN:37,(anonymous_6)
FN:42,parseData
FN:45,(anonymous_8)
FN:52,(anonymous_9)
FN:72,(anonymous_10)
FN:77,(anonymous_11)
FN:79,(anonymous_12)
FN:83,getData
FN:89,(anonymous_14)
FN:93,(anonymous_15)
FN:103,(anonymous_16)
FN:108,(anonymous_17)
FN:112,(anonymous_18)
FN:117,(anonymous_19)
FN:123,(anonymous_20)
FN:126,(anonymous_21)
FN:135,(anonymous_22)
FN:136,(anonymous_23)
FN:138,(anonymous_24)
FN:147,(anonymous_25)
FNF:25
FNH:25
FNDA:13,(anonymous_1)
FNDA:9,(anonymous_2)
FNDA:147,parseData
FNDA:76,(anonymous_4)
FNDA:146,(anonymous_5)
FNDA:2,(anonymous_6)
FNDA:30,parseData
FNDA:16,(anonymous_8)
FNDA:30,(anonymous_9)
FNDA:1,(anonymous_10)
FNDA:1,(anonymous_11)
FNDA:5,(anonymous_12)
FNDA:5,getData
FNDA:7,(anonymous_14)
FNDA:8,(anonymous_15)
FNDA:1,(anonymous_16)
FNDA:1,(anonymous_17)
FNDA:4,(anonymous_18)
FNDA:1,(anonymous_19)
FNDA:3,(anonymous_20)
FNDA:6,(anonymous_21)
FNDA:3,(anonymous_22)
FNDA:16,(anonymous_23)
FNDA:8,(anonymous_24)
FNDA:1,(anonymous_25)
DA:5,1
DA:7,1
DA:8,9
DA:10,1
DA:12,147
DA:13,64
DA:14,76
DA:17,83
DA:19,43
DA:20,43
DA:21,146
DA:22,146
DA:23,20
DA:24,146
DA:25,63
DA:31,9
DA:32,8
DA:34,9
DA:37,1
DA:38,2
DA:40,2
DA:41,1
DA:42,1
DA:44,30
DA:45,13
DA:46,16
DA:49,17
DA:51,9
DA:52,9
DA:53,30
DA:54,30
DA:55,13
DA:58,30
DA:59,8
DA:64,1
DA:65,1
DA:67,1
DA:69,1
DA:72,1
DA:73,1
DA:74,1
DA:77,1
DA:78,1
DA:79,1
DA:80,5
DA:83,1
DA:84,5
DA:86,1
DA:89,1
DA:90,7
DA:91,7
DA:92,7
DA:93,7
DA:94,8
DA:95,8
DA:96,8
DA:97,4
DA:100,7
DA:103,1
DA:105,1
DA:108,1
DA:110,1
DA:111,1
DA:112,1
DA:113,4
DA:114,1
DA:117,1
DA:118,1
DA:120,1
DA:123,1
DA:125,3
DA:126,6
DA:127,3
DA:129,1
DA:131,3
DA:133,1
DA:135,3
DA:136,16
DA:138,3
DA:139,8
DA:140,8
DA:143,3
DA:144,3
DA:147,1
DA:149,1
DA:152,1
LF:86
LH:86
BRDA:12,1,0,64
BRDA:12,1,1,83
BRDA:17,2,0,43
BRDA:17,2,1,40
BRDA:22,3,0,20
BRDA:22,3,1,126
BRDA:24,4,0,63
BRDA:24,4,1,83
BRDA:24,5,0,146
BRDA:24,5,1,83
BRDA:31,6,0,8
BRDA:31,6,1,1
BRDA:38,7,0,2
BRDA:38,7,1,1
BRDA:40,8,0,1
BRDA:40,8,1,1
BRDA:44,9,0,13
BRDA:44,9,1,17
BRDA:49,10,0,9
BRDA:49,10,1,8
BRDA:54,11,0,13
BRDA:54,11,1,17
BRDA:54,12,0,30
BRDA:54,12,1,17
BRDA:58,13,0,8
BRDA:58,13,1,22
BRDA:64,14,0,1
BRDA:64,14,1,0
BRDA:73,15,0,1
BRDA:73,15,1,0
BRDA:78,16,0,1
BRDA:78,16,1,0
BRDA:90,17,0,7
BRDA:90,17,1,0
BRDA:91,18,0,7
BRDA:91,18,1,0
BRDA:96,19,0,4
BRDA:96,19,1,4
BRDA:96,20,0,8
BRDA:96,20,1,8
BRDA:96,20,2,7
BRDA:110,21,0,1
BRDA:110,21,1,0
BRDA:113,22,0,1
BRDA:113,22,1,3
BRDA:125,23,0,3
BRDA:125,23,1,1
BRDA:127,24,0,1
BRDA:127,24,1,2
BRDA:131,25,0,1
BRDA:131,25,1,2
BRDA:136,26,0,16
BRDA:136,26,1,0
BRDA:140,27,0,5
BRDA:140,27,1,3
BRDA:140,28,0,3
BRDA:140,28,1,0
BRF:57
BRH:49
end_of_record
